<?xml version="1.0" encoding="UTF-8"?>
<!-- Generated by org.testng.reporters.JUnitReportReporter -->
<testsuite skipped="0" hostname="II39-3S3TQQ2" name="ExtentReport.ER_Excel" tests="1" failures="0" timestamp="17 Jul 2019 09:30:49 GMT" time="0.508" errors="0">
  <testcase name="report_build" time="0.508" classname="ExtentReport.ER_Excel"/>
</testsuite> <!-- ExtentReport.ER_Excel -->
