<?xml version="1.0" encoding="UTF-8"?>
<!-- Generated by org.testng.reporters.JUnitReportReporter -->
<testsuite skipped="0" hostname="II39-3S3TQQ2" name="FreeCRM1.FCTest" tests="2" failures="0" timestamp="08 Feb 2019 09:15:06 GMT" time="14.894" errors="0">
  <testcase name="Login" time="4.955" classname="FreeCRM1.FCTest"/>
  <testcase name="deal_creation" time="9.939" classname="FreeCRM1.FCTest"/>
</testsuite> <!-- FreeCRM1.FCTest -->
